<?xml version="1.0" encoding="UTF-8"?>
<!-- Generated by org.testng.reporters.JUnitXMLReporter -->
<testsuite ignored="2" hostname="LAPTOP-HHG97Q7R" failures="0" tests="1" name="Default test" time="87.456" errors="0" timestamp="2023-12-12T20:42:00 IST">
  <testcase classname="com.OrangeHRM.TestCases.OrangeHRMLoginTestCases" name="addUserTC_003" time="64.887"/>
  <testcase classname="com.OrangeHRM.TestCases.OrangeHRMLoginTestCases" name="loginWithValidCredentialsTC_002" time="0.0">
    <ignored/>
  </testcase> <!-- loginWithValidCredentialsTC_002 -->
  <testcase classname="com.OrangeHRM.TestCases.OrangeHRMLoginTestCases" name="loginWithValidCredentialsTC_001" time="0.0">
    <ignored/>
  </testcase> <!-- loginWithValidCredentialsTC_001 -->
</testsuite> <!-- Default test -->
