<?xml version="1.0" encoding="UTF-8"?>
<!-- Generated by org.testng.reporters.JUnitXMLReporter -->
<testsuite ignored="2" hostname="LAPTOP-HHG97Q7R" failures="1" tests="1" name="Test" time="0.634" errors="0" timestamp="2023-12-16T10:15:51 IST">
  <testcase classname="com.OrangeHRM.TestCases.OrangeHRMLoginTestCases" name="loginWithInValidCredentialsTC_002" time="0.577">
    <failure type="java.lang.NullPointerException" message="Cannot invoke &amp;quot;org.openqa.selenium.WebDriver.findElement(org.openqa.selenium.By)&amp;quot; because &amp;quot;this.driver&amp;quot; is null">
      <![CDATA[java.lang.NullPointerException: Cannot invoke "org.openqa.selenium.WebDriver.findElement(org.openqa.selenium.By)" because "this.driver" is null
at com.OrangeHRM.Commands.CommandsOrangeHRM.type(CommandsOrangeHRM.java:20)
at com.OrangeHRM.Pages.LoginPage.loginWithInValidCredentials(LoginPage.java:26)
at com.OrangeHRM.TestCases.OrangeHRMLoginTestCases.loginWithInValidCredentialsTC_002(OrangeHRMLoginTestCases.java:21)
at java.base/java.util.ArrayList.forEach(ArrayList.java:1511)
... Removed 27 stack frames]]>
    </failure>
  </testcase> <!-- loginWithInValidCredentialsTC_002 -->
  <testcase classname="com.OrangeHRM.TestCases.OrangeHRMLoginTestCases" name="addUserTC_003" time="0.0">
    <ignored/>
  </testcase> <!-- addUserTC_003 -->
  <testcase classname="com.OrangeHRM.TestCases.OrangeHRMLoginTestCases" name="loginWithValidCredentialsTC_001" time="0.0">
    <ignored/>
  </testcase> <!-- loginWithValidCredentialsTC_001 -->
</testsuite> <!-- Test -->
