<?xml version="1.0" encoding="UTF-8"?>
<testng-results ignored="0" total="3" passed="2" failed="1" skipped="0">
  <reporter-output>
  </reporter-output>
  <suite started-at="2023-12-16T10:18:48 IST" name="Suite" finished-at="2023-12-16T10:20:13 IST" duration-ms="85681">
    <groups>
      <group name="regression">
        <method signature="OrangeHRMLoginTestCases.loginWithInValidCredentialsTC_002()[pri:2, instance:com.OrangeHRM.TestCases.OrangeHRMLoginTestCases@1151e434]" name="loginWithInValidCredentialsTC_002" class="com.OrangeHRM.TestCases.OrangeHRMLoginTestCases"/>
      </group> <!-- regression -->
      <group name="smoke">
        <method signature="OrangeHRMLoginTestCases.loginWithValidCredentialsTC_001()[pri:1, instance:com.OrangeHRM.TestCases.OrangeHRMLoginTestCases@1151e434]" name="loginWithValidCredentialsTC_001" class="com.OrangeHRM.TestCases.OrangeHRMLoginTestCases"/>
        <method signature="OrangeHRMLoginTestCases.addUserTC_003()[pri:3, instance:com.OrangeHRM.TestCases.OrangeHRMLoginTestCases@1151e434]" name="addUserTC_003" class="com.OrangeHRM.TestCases.OrangeHRMLoginTestCases"/>
      </group> <!-- smoke -->
    </groups>
    <test started-at="2023-12-16T10:18:48 IST" name="Test1" finished-at="2023-12-16T10:20:13 IST" duration-ms="85681">
      <class name="com.OrangeHRM.TestCases.OrangeHRMLoginTestCases">
        <test-method is-config="true" signature="startUp()[pri:0, instance:com.OrangeHRM.TestCases.OrangeHRMLoginTestCases@1151e434]" started-at="2023-12-16T10:18:48 IST" name="startUp" finished-at="2023-12-16T10:19:00 IST" duration-ms="12846" status="PASS">
          <reporter-output>
          </reporter-output>
        </test-method> <!-- startUp -->
        <test-method signature="loginWithValidCredentialsTC_001()[pri:1, instance:com.OrangeHRM.TestCases.OrangeHRMLoginTestCases@1151e434]" started-at="2023-12-16T10:19:00 IST" name="loginWithValidCredentialsTC_001" finished-at="2023-12-16T10:19:14 IST" duration-ms="13918" status="PASS">
          <reporter-output>
          </reporter-output>
        </test-method> <!-- loginWithValidCredentialsTC_001 -->
        <test-method is-config="true" signature="tearDown()[pri:0, instance:com.OrangeHRM.TestCases.OrangeHRMLoginTestCases@1151e434]" started-at="2023-12-16T10:19:14 IST" name="tearDown" finished-at="2023-12-16T10:19:14 IST" duration-ms="1" status="PASS">
          <reporter-output>
          </reporter-output>
        </test-method> <!-- tearDown -->
        <test-method is-config="true" signature="startUp()[pri:0, instance:com.OrangeHRM.TestCases.OrangeHRMLoginTestCases@1151e434]" started-at="2023-12-16T10:19:14 IST" name="startUp" finished-at="2023-12-16T10:19:27 IST" duration-ms="12700" status="PASS">
          <reporter-output>
          </reporter-output>
        </test-method> <!-- startUp -->
        <test-method signature="loginWithInValidCredentialsTC_002()[pri:2, instance:com.OrangeHRM.TestCases.OrangeHRMLoginTestCases@1151e434]" started-at="2023-12-16T10:19:27 IST" name="loginWithInValidCredentialsTC_002" finished-at="2023-12-16T10:19:38 IST" duration-ms="11343" status="PASS">
          <reporter-output>
          </reporter-output>
        </test-method> <!-- loginWithInValidCredentialsTC_002 -->
        <test-method is-config="true" signature="tearDown()[pri:0, instance:com.OrangeHRM.TestCases.OrangeHRMLoginTestCases@1151e434]" started-at="2023-12-16T10:19:38 IST" name="tearDown" finished-at="2023-12-16T10:19:38 IST" duration-ms="0" status="PASS">
          <reporter-output>
          </reporter-output>
        </test-method> <!-- tearDown -->
        <test-method is-config="true" signature="startUp()[pri:0, instance:com.OrangeHRM.TestCases.OrangeHRMLoginTestCases@1151e434]" started-at="2023-12-16T10:19:38 IST" name="startUp" finished-at="2023-12-16T10:20:00 IST" duration-ms="21559" status="PASS">
          <reporter-output>
          </reporter-output>
        </test-method> <!-- startUp -->
        <test-method signature="addUserTC_003()[pri:3, instance:com.OrangeHRM.TestCases.OrangeHRMLoginTestCases@1151e434]" started-at="2023-12-16T10:20:00 IST" name="addUserTC_003" finished-at="2023-12-16T10:20:13 IST" duration-ms="13264" status="FAIL">
          <exception class="org.openqa.selenium.NoSuchWindowException">
            <message>
              <![CDATA[no such window: target window already closed
from unknown error: web view not found
  (Session info: chrome=120.0.6099.72)
Build info: version: '4.15.0', revision: '1d14b5521b'
System info: os.name: 'Windows 11', os.arch: 'amd64', os.version: '10.0', java.version: '17.0.2'
Driver info: org.openqa.selenium.chrome.ChromeDriver
Command: [89974814e158e63e147e6360df6b5703, findElement {using=xpath, value=//span[text()='Admin']/..}]
Capabilities {acceptInsecureCerts: false, browserName: chrome, browserVersion: 120.0.6099.72, chrome: {chromedriverVersion: 120.0.6099.71 (9729082fe617..., userDataDir: C:\Users\SAIKRI~1\AppData\L...}, fedcm:accounts: true, goog:chromeOptions: {debuggerAddress: localhost:59407}, networkConnectionEnabled: false, pageLoadStrategy: normal, platformName: windows, proxy: Proxy(), se:cdp: ws://localhost:59407/devtoo..., se:cdpVersion: 120.0.6099.72, setWindowRect: true, strictFileInteractability: false, timeouts: {implicit: 0, pageLoad: 300000, script: 30000}, unhandledPromptBehavior: dismiss and notify, webauthn:extension:credBlob: true, webauthn:extension:largeBlob: true, webauthn:extension:minPinLength: true, webauthn:extension:prf: true, webauthn:virtualAuthenticators: true}
Session ID: 89974814e158e63e147e6360df6b5703]]>
            </message>
            <full-stacktrace>
              <![CDATA[org.openqa.selenium.NoSuchWindowException: no such window: target window already closed
from unknown error: web view not found
  (Session info: chrome=120.0.6099.72)
Build info: version: '4.15.0', revision: '1d14b5521b'
System info: os.name: 'Windows 11', os.arch: 'amd64', os.version: '10.0', java.version: '17.0.2'
Driver info: org.openqa.selenium.chrome.ChromeDriver
Command: [89974814e158e63e147e6360df6b5703, findElement {using=xpath, value=//span[text()='Admin']/..}]
Capabilities {acceptInsecureCerts: false, browserName: chrome, browserVersion: 120.0.6099.72, chrome: {chromedriverVersion: 120.0.6099.71 (9729082fe617..., userDataDir: C:\Users\SAIKRI~1\AppData\L...}, fedcm:accounts: true, goog:chromeOptions: {debuggerAddress: localhost:59407}, networkConnectionEnabled: false, pageLoadStrategy: normal, platformName: windows, proxy: Proxy(), se:cdp: ws://localhost:59407/devtoo..., se:cdpVersion: 120.0.6099.72, setWindowRect: true, strictFileInteractability: false, timeouts: {implicit: 0, pageLoad: 300000, script: 30000}, unhandledPromptBehavior: dismiss and notify, webauthn:extension:credBlob: true, webauthn:extension:largeBlob: true, webauthn:extension:minPinLength: true, webauthn:extension:prf: true, webauthn:virtualAuthenticators: true}
Session ID: 89974814e158e63e147e6360df6b5703
at java.base/jdk.internal.reflect.NativeConstructorAccessorImpl.newInstance0(Native Method)
at java.base/jdk.internal.reflect.NativeConstructorAccessorImpl.newInstance(NativeConstructorAccessorImpl.java:77)
at java.base/jdk.internal.reflect.DelegatingConstructorAccessorImpl.newInstance(DelegatingConstructorAccessorImpl.java:45)
at java.base/java.lang.reflect.Constructor.newInstanceWithCaller(Constructor.java:499)
at java.base/java.lang.reflect.Constructor.newInstance(Constructor.java:480)
at org.openqa.selenium.remote.codec.w3c.W3CHttpResponseCodec.createException(W3CHttpResponseCodec.java:200)
at org.openqa.selenium.remote.codec.w3c.W3CHttpResponseCodec.decode(W3CHttpResponseCodec.java:133)
at org.openqa.selenium.remote.codec.w3c.W3CHttpResponseCodec.decode(W3CHttpResponseCodec.java:52)
at org.openqa.selenium.remote.HttpCommandExecutor.execute(HttpCommandExecutor.java:191)
at org.openqa.selenium.remote.service.DriverCommandExecutor.invokeExecute(DriverCommandExecutor.java:200)
at org.openqa.selenium.remote.service.DriverCommandExecutor.execute(DriverCommandExecutor.java:175)
at org.openqa.selenium.remote.RemoteWebDriver.execute(RemoteWebDriver.java:607)
at org.openqa.selenium.remote.ElementLocation$ElementFinder$2.findElement(ElementLocation.java:165)
at org.openqa.selenium.remote.ElementLocation.findElement(ElementLocation.java:59)
at org.openqa.selenium.remote.RemoteWebDriver.findElement(RemoteWebDriver.java:364)
at org.openqa.selenium.remote.RemoteWebDriver.findElement(RemoteWebDriver.java:358)
at com.OrangeHRM.Commands.CommandsOrangeHRM.click(CommandsOrangeHRM.java:28)
at com.OrangeHRM.Pages.AddUser.addUser(AddUser.java:22)
at com.OrangeHRM.TestCases.OrangeHRMLoginTestCases.addUserTC_003(OrangeHRMLoginTestCases.java:28)
at java.base/jdk.internal.reflect.NativeMethodAccessorImpl.invoke0(Native Method)
at java.base/jdk.internal.reflect.NativeMethodAccessorImpl.invoke(NativeMethodAccessorImpl.java:77)
at java.base/jdk.internal.reflect.DelegatingMethodAccessorImpl.invoke(DelegatingMethodAccessorImpl.java:43)
at java.base/java.lang.reflect.Method.invoke(Method.java:568)
at org.testng.internal.invokers.MethodInvocationHelper.invokeMethod(MethodInvocationHelper.java:139)
at org.testng.internal.invokers.TestInvoker.invokeMethod(TestInvoker.java:677)
at org.testng.internal.invokers.TestInvoker.invokeTestMethod(TestInvoker.java:221)
at org.testng.internal.invokers.MethodRunner.runInSequence(MethodRunner.java:50)
at org.testng.internal.invokers.TestInvoker$MethodInvocationAgent.invoke(TestInvoker.java:969)
at org.testng.internal.invokers.TestInvoker.invokeTestMethods(TestInvoker.java:194)
at org.testng.internal.invokers.TestMethodWorker.invokeTestMethods(TestMethodWorker.java:148)
at org.testng.internal.invokers.TestMethodWorker.run(TestMethodWorker.java:128)
at java.base/java.util.ArrayList.forEach(ArrayList.java:1511)
at org.testng.TestRunner.privateRun(TestRunner.java:829)
at org.testng.TestRunner.run(TestRunner.java:602)
at org.testng.SuiteRunner.runTest(SuiteRunner.java:437)
at org.testng.SuiteRunner.runSequentially(SuiteRunner.java:431)
at org.testng.SuiteRunner.privateRun(SuiteRunner.java:391)
at org.testng.SuiteRunner.run(SuiteRunner.java:330)
at org.testng.SuiteRunnerWorker.runSuite(SuiteRunnerWorker.java:52)
at org.testng.SuiteRunnerWorker.run(SuiteRunnerWorker.java:95)
at org.testng.TestNG.runSuitesSequentially(TestNG.java:1256)
at org.testng.TestNG.runSuitesLocally(TestNG.java:1176)
at org.testng.TestNG.runSuites(TestNG.java:1099)
at org.testng.TestNG.run(TestNG.java:1067)
at org.testng.remote.AbstractRemoteTestNG.run(AbstractRemoteTestNG.java:115)
at org.testng.remote.RemoteTestNG.initAndRun(RemoteTestNG.java:251)
at org.testng.remote.RemoteTestNG.main(RemoteTestNG.java:77)
]]>
            </full-stacktrace>
          </exception> <!-- org.openqa.selenium.NoSuchWindowException -->
          <reporter-output>
          </reporter-output>
        </test-method> <!-- addUserTC_003 -->
        <test-method is-config="true" signature="tearDown()[pri:0, instance:com.OrangeHRM.TestCases.OrangeHRMLoginTestCases@1151e434]" started-at="2023-12-16T10:20:13 IST" name="tearDown" finished-at="2023-12-16T10:20:13 IST" duration-ms="0" status="PASS">
          <reporter-output>
          </reporter-output>
        </test-method> <!-- tearDown -->
      </class> <!-- com.OrangeHRM.TestCases.OrangeHRMLoginTestCases -->
    </test> <!-- Test1 -->
  </suite> <!-- Suite -->
</testng-results>
